[2024-04-09 20:01:48] [INFO ] [AppInvasoresFx: 52] --------------------------------------------------------------------------------
[2024-04-09 20:01:51] [DEBUG] [GameManager: 52] start level=1
[2024-04-09 20:02:03] [DEBUG] [GameManager: 62] nextLevel level=2
[2024-04-09 20:02:14] [DEBUG] [GameManager: 62] nextLevel level=3
[2024-04-09 20:02:14] [DEBUG] [EnemyShipDiagonal: 11] EnemyShipDiagonal N=5
[2024-04-09 20:02:14] [DEBUG] [EnemyShipDiagonal: 11] EnemyShipDiagonal N=5
[2024-04-09 20:02:28] [DEBUG] [GameManager: 62] nextLevel level=4
[2024-04-09 20:02:28] [DEBUG] [EnemyShipDiagonal: 11] EnemyShipDiagonal N=5
[2024-04-09 20:02:28] [DEBUG] [EnemyShipDiagonal: 11] EnemyShipDiagonal N=5
[2024-04-09 20:02:28] [DEBUG] [EnemyShipDiagonal: 11] EnemyShipDiagonal N=5
[2024-04-09 20:02:28] [DEBUG] [EnemyShipDiagonal: 11] EnemyShipDiagonal N=5
[2024-04-09 20:02:28] [DEBUG] [EnemyShipDiagonal: 11] EnemyShipDiagonal N=5
[2024-04-09 20:02:28] [DEBUG] [EnemyShipDiagonal: 11] EnemyShipDiagonal N=5
[2024-04-09 20:02:28] [DEBUG] [EnemyShipDiagonal: 11] EnemyShipDiagonal N=5
[2024-04-09 20:02:28] [DEBUG] [EnemyShipDiagonal: 11] EnemyShipDiagonal N=5
[2024-04-09 20:02:28] [DEBUG] [EnemyShipDiagonal: 11] EnemyShipDiagonal N=5
[2024-04-09 20:02:28] [DEBUG] [EnemyShipDiagonal: 11] EnemyShipDiagonal N=5
[2024-04-09 20:02:28] [DEBUG] [EnemyShipDiagonal: 11] EnemyShipDiagonal N=5
[2024-04-09 20:02:28] [DEBUG] [EnemyShipDiagonal: 11] EnemyShipDiagonal N=5
[2024-04-09 20:05:26] [INFO ] [AppInvasoresFx: 52] --------------------------------------------------------------------------------
[2024-04-09 20:05:28] [DEBUG] [GameManager: 52] start level=1
[2024-04-09 20:05:37] [DEBUG] [GameManager: 62] nextLevel level=2
[2024-04-09 20:05:47] [DEBUG] [GameManager: 62] nextLevel level=3
[2024-04-09 20:05:47] [DEBUG] [EnemyShipDiagonal: 11] EnemyShipDiagonal N=5
[2024-04-09 20:05:47] [DEBUG] [EnemyShipDiagonal: 11] EnemyShipDiagonal N=5
[2024-04-09 20:05:57] [DEBUG] [GameManager: 62] nextLevel level=4
[2024-04-09 20:05:57] [DEBUG] [EnemyShipDiagonal: 11] EnemyShipDiagonal N=5
[2024-04-09 20:05:57] [DEBUG] [EnemyShipDiagonal: 11] EnemyShipDiagonal N=5
[2024-04-09 20:05:57] [DEBUG] [EnemyShipDiagonal: 11] EnemyShipDiagonal N=5
[2024-04-09 20:05:57] [DEBUG] [EnemyShipDiagonal: 11] EnemyShipDiagonal N=5
[2024-04-09 20:05:57] [DEBUG] [EnemyShipDiagonal: 11] EnemyShipDiagonal N=5
[2024-04-09 20:05:57] [DEBUG] [EnemyShipDiagonal: 11] EnemyShipDiagonal N=5
[2024-04-09 20:05:57] [DEBUG] [EnemyShipDiagonal: 11] EnemyShipDiagonal N=5
[2024-04-09 20:05:57] [DEBUG] [EnemyShipDiagonal: 11] EnemyShipDiagonal N=5
[2024-04-09 20:05:57] [DEBUG] [EnemyShipDiagonal: 11] EnemyShipDiagonal N=5
[2024-04-09 20:05:57] [DEBUG] [EnemyShipDiagonal: 11] EnemyShipDiagonal N=5
[2024-04-09 20:05:57] [DEBUG] [EnemyShipDiagonal: 11] EnemyShipDiagonal N=5
[2024-04-09 20:05:57] [DEBUG] [EnemyShipDiagonal: 11] EnemyShipDiagonal N=5
[2024-04-09 20:07:50] [INFO ] [AppInvasoresFx: 52] --------------------------------------------------------------------------------
[2024-04-09 20:07:53] [DEBUG] [GameManager: 52] start level=1
[2024-04-09 20:08:08] [DEBUG] [GameManager: 62] nextLevel level=2
[2024-04-09 20:08:14] [DEBUG] [GameManager:201] updateGame E_APP_ONELESSLIFE enemies=3 shotsDown=16 shotsUp=15
[2024-04-09 20:08:14] [DEBUG] [GameManager: 70] sameLevel level=2
[2024-04-09 20:08:22] [DEBUG] [GameManager: 62] nextLevel level=3
[2024-04-09 20:08:22] [DEBUG] [EnemyShipDiagonal: 11] EnemyShipDiagonal N=5
[2024-04-09 20:08:22] [DEBUG] [EnemyShipDiagonal: 11] EnemyShipDiagonal N=5
[2024-04-09 20:08:40] [DEBUG] [GameManager:201] updateGame E_APP_ONELESSLIFE enemies=1 shotsDown=7 shotsUp=7
[2024-04-09 20:08:41] [DEBUG] [GameManager: 70] sameLevel level=3
[2024-04-09 20:09:06] [DEBUG] [GameManager: 62] nextLevel level=4
[2024-04-09 20:09:06] [DEBUG] [EnemyShipDiagonal: 11] EnemyShipDiagonal N=5
[2024-04-09 20:09:06] [DEBUG] [EnemyShipDiagonal: 11] EnemyShipDiagonal N=5
[2024-04-09 20:09:06] [DEBUG] [EnemyShipDiagonal: 11] EnemyShipDiagonal N=5
[2024-04-09 20:09:06] [DEBUG] [EnemyShipDiagonal: 11] EnemyShipDiagonal N=5
[2024-04-09 20:09:06] [DEBUG] [EnemyShipDiagonal: 11] EnemyShipDiagonal N=5
[2024-04-09 20:09:06] [DEBUG] [EnemyShipDiagonal: 11] EnemyShipDiagonal N=5
[2024-04-09 20:09:06] [DEBUG] [EnemyShipDiagonal: 11] EnemyShipDiagonal N=5
[2024-04-09 20:09:06] [DEBUG] [EnemyShipDiagonal: 11] EnemyShipDiagonal N=5
[2024-04-09 20:09:06] [DEBUG] [EnemyShipDiagonal: 11] EnemyShipDiagonal N=5
[2024-04-09 20:09:06] [DEBUG] [EnemyShipDiagonal: 11] EnemyShipDiagonal N=5
[2024-04-09 20:09:06] [DEBUG] [EnemyShipDiagonal: 11] EnemyShipDiagonal N=5
[2024-04-09 20:09:06] [DEBUG] [EnemyShipDiagonal: 11] EnemyShipDiagonal N=5
[2024-04-09 20:09:14] [DEBUG] [GameManager:199] updateGame E_APP_LOST enemies=2 shotsDown=7 shotsUp=6
